<?xml version="1.0" encoding="UTF-8"?>
<!-- Generated by org.testng.reporters.JUnitReportReporter -->
<testsuite hostname="DESKTOP-L3UOB50" failures="0" tests="7" name="TestCases.TCs" time="19.295" errors="0" timestamp="21 Jun 2023 04:20:32 GMT" skipped="0">
  <testcase classname="TestCases.TCs" name="TC6_logout" time="2.142"/>
  <testcase classname="TestCases.TCs" name="TC1_verifyPageTitle" time="0.031"/>
  <testcase classname="TestCases.TCs" name="TC2_verifyLoginCredentials" time="0.308"/>
  <testcase classname="TestCases.TCs" name="TC2_verifyLoginCredentials" time="2.516"/>
  <testcase classname="TestCases.TCs" name="TC4_addToCart" time="5.455"/>
  <testcase classname="TestCases.TCs" name="TC5_checkout" time="4.651"/>
  <testcase classname="TestCases.TCs" name="TC3_dropdown" time="4.192"/>
</testsuite> <!-- TestCases.TCs -->
